The system is: Linux - 3.2.0-79-generic - x86_64
Compiling the C compiler identification source file "CMakeCCompilerId.c" succeeded.
Compiler: /usr/bin/gcc 
Build flags: 
Id flags: 

The output was:
0


Compilation of the C compiler identification source "CMakeCCompilerId.c" produced "a.out"

The C compiler identification is GNU, found in "/home/ga97sah/work/etiss/0.4.3_lite_CortexM0/install/CMakeFiles/CompilerIdC/a.out"

Compiling the CXX compiler identification source file "CMakeCXXCompilerId.cpp" succeeded.
Compiler: /usr/bin/c++ 
Build flags: 
Id flags: 

The output was:
0


Compilation of the CXX compiler identification source "CMakeCXXCompilerId.cpp" produced "a.out"

The CXX compiler identification is GNU, found in "/home/ga97sah/work/etiss/0.4.3_lite_CortexM0/install/CMakeFiles/CompilerIdCXX/a.out"

Determining if the C compiler works passed with the following output:
Change Dir: /home/ga97sah/work/etiss/0.4.3_lite_CortexM0/install/CMakeFiles/CMakeTmp

Run Build Command:/usr/bin/gmake "cmTryCompileExec/fast"
/usr/bin/make -f CMakeFiles/cmTryCompileExec.dir/build.make CMakeFiles/cmTryCompileExec.dir/build
make[1]: Entering directory `/nfs/TUEIEDAprojects/SystemDesign/work/virtualprototyping/YurunWu/etiss/0.4.3_lite_CortexM0/install/CMakeFiles/CMakeTmp'
/usr/bin/cmake -E cmake_progress_report /home/ga97sah/work/etiss/0.4.3_lite_CortexM0/install/CMakeFiles/CMakeTmp/CMakeFiles 1
Building C object CMakeFiles/cmTryCompileExec.dir/testCCompiler.c.o
/usr/bin/gcc    -o CMakeFiles/cmTryCompileExec.dir/testCCompiler.c.o   -c /home/ga97sah/work/etiss/0.4.3_lite_CortexM0/install/CMakeFiles/CMakeTmp/testCCompiler.c
Linking C executable cmTryCompileExec
/usr/bin/cmake -E cmake_link_script CMakeFiles/cmTryCompileExec.dir/link.txt --verbose=1
/usr/bin/gcc         CMakeFiles/cmTryCompileExec.dir/testCCompiler.c.o  -o cmTryCompileExec -rdynamic 
make[1]: Leaving directory `/nfs/TUEIEDAprojects/SystemDesign/work/virtualprototyping/YurunWu/etiss/0.4.3_lite_CortexM0/install/CMakeFiles/CMakeTmp'


Detecting C compiler ABI info compiled with the following output:
Change Dir: /home/ga97sah/work/etiss/0.4.3_lite_CortexM0/install/CMakeFiles/CMakeTmp

Run Build Command:/usr/bin/gmake "cmTryCompileExec/fast"
/usr/bin/make -f CMakeFiles/cmTryCompileExec.dir/build.make CMakeFiles/cmTryCompileExec.dir/build
make[1]: Entering directory `/nfs/TUEIEDAprojects/SystemDesign/work/virtualprototyping/YurunWu/etiss/0.4.3_lite_CortexM0/install/CMakeFiles/CMakeTmp'
/usr/bin/cmake -E cmake_progress_report /home/ga97sah/work/etiss/0.4.3_lite_CortexM0/install/CMakeFiles/CMakeTmp/CMakeFiles 1
Building C object CMakeFiles/cmTryCompileExec.dir/CMakeCCompilerABI.c.o
/usr/bin/gcc    -o CMakeFiles/cmTryCompileExec.dir/CMakeCCompilerABI.c.o   -c /usr/share/cmake-2.8/Modules/CMakeCCompilerABI.c
Linking C executable cmTryCompileExec
/usr/bin/cmake -E cmake_link_script CMakeFiles/cmTryCompileExec.dir/link.txt --verbose=1
/usr/bin/gcc       -v CMakeFiles/cmTryCompileExec.dir/CMakeCCompilerABI.c.o  -o cmTryCompileExec -rdynamic  
Using built-in specs.
COLLECT_GCC=/usr/bin/gcc
COLLECT_LTO_WRAPPER=/usr/lib/gcc/x86_64-linux-gnu/4.6/lto-wrapper
Target: x86_64-linux-gnu
Configured with: ../src/configure -v --with-pkgversion='Ubuntu/Linaro 4.6.3-1ubuntu5' --with-bugurl=file:///usr/share/doc/gcc-4.6/README.Bugs --enable-languages=c,c++,fortran,objc,obj-c++ --prefix=/usr --program-suffix=-4.6 --enable-shared --enable-linker-build-id --with-system-zlib --libexecdir=/usr/lib --without-included-gettext --enable-threads=posix --with-gxx-include-dir=/usr/include/c++/4.6 --libdir=/usr/lib --enable-nls --with-sysroot=/ --enable-clocale=gnu --enable-libstdcxx-debug --enable-libstdcxx-time=yes --enable-gnu-unique-object --enable-plugin --enable-objc-gc --disable-werror --with-arch-32=i686 --with-tune=generic --enable-checking=release --build=x86_64-linux-gnu --host=x86_64-linux-gnu --target=x86_64-linux-gnu
Thread model: posix
gcc version 4.6.3 (Ubuntu/Linaro 4.6.3-1ubuntu5) 
COMPILER_PATH=/usr/lib/gcc/x86_64-linux-gnu/4.6/:/usr/lib/gcc/x86_64-linux-gnu/4.6/:/usr/lib/gcc/x86_64-linux-gnu/:/usr/lib/gcc/x86_64-linux-gnu/4.6/:/usr/lib/gcc/x86_64-linux-gnu/
LIBRARY_PATH=/usr/lib/gcc/x86_64-linux-gnu/4.6/:/usr/lib/gcc/x86_64-linux-gnu/4.6/../../../x86_64-linux-gnu/:/usr/lib/gcc/x86_64-linux-gnu/4.6/../../../../lib/:/lib/x86_64-linux-gnu/:/lib/../lib/:/usr/lib/x86_64-linux-gnu/:/usr/lib/../lib/:/usr/lib/gcc/x86_64-linux-gnu/4.6/../../../:/lib/:/usr/lib/
COLLECT_GCC_OPTIONS='-v' '-o' 'cmTryCompileExec' '-rdynamic' '-mtune=generic' '-march=x86-64'
 /usr/lib/gcc/x86_64-linux-gnu/4.6/collect2 --sysroot=/ --build-id --no-add-needed --as-needed --eh-frame-hdr -m elf_x86_64 --hash-style=gnu -export-dynamic -dynamic-linker /lib64/ld-linux-x86-64.so.2 -z relro -o cmTryCompileExec /usr/lib/gcc/x86_64-linux-gnu/4.6/../../../x86_64-linux-gnu/crt1.o /usr/lib/gcc/x86_64-linux-gnu/4.6/../../../x86_64-linux-gnu/crti.o /usr/lib/gcc/x86_64-linux-gnu/4.6/crtbegin.o -L/usr/lib/gcc/x86_64-linux-gnu/4.6 -L/usr/lib/gcc/x86_64-linux-gnu/4.6/../../../x86_64-linux-gnu -L/usr/lib/gcc/x86_64-linux-gnu/4.6/../../../../lib -L/lib/x86_64-linux-gnu -L/lib/../lib -L/usr/lib/x86_64-linux-gnu -L/usr/lib/../lib -L/usr/lib/gcc/x86_64-linux-gnu/4.6/../../.. CMakeFiles/cmTryCompileExec.dir/CMakeCCompilerABI.c.o -lgcc --as-needed -lgcc_s --no-as-needed -lc -lgcc --as-needed -lgcc_s --no-as-needed /usr/lib/gcc/x86_64-linux-gnu/4.6/crtend.o /usr/lib/gcc/x86_64-linux-gnu/4.6/../../../x86_64-linux-gnu/crtn.o
make[1]: Leaving directory `/nfs/TUEIEDAprojects/SystemDesign/work/virtualprototyping/YurunWu/etiss/0.4.3_lite_CortexM0/install/CMakeFiles/CMakeTmp'


Parsed C implicit link information from above output:
  link line regex: [^( *|.*[/\])(ld|ld|collect2)[^/\]*( |$)]
  ignore line: [Change Dir: /home/ga97sah/work/etiss/0.4.3_lite_CortexM0/install/CMakeFiles/CMakeTmp]
  ignore line: []
  ignore line: [Run Build Command:/usr/bin/gmake "cmTryCompileExec/fast"]
  ignore line: [/usr/bin/make -f CMakeFiles/cmTryCompileExec.dir/build.make CMakeFiles/cmTryCompileExec.dir/build]
  ignore line: [make[1]: Entering directory `/nfs/TUEIEDAprojects/SystemDesign/work/virtualprototyping/YurunWu/etiss/0.4.3_lite_CortexM0/install/CMakeFiles/CMakeTmp']
  ignore line: [/usr/bin/cmake -E cmake_progress_report /home/ga97sah/work/etiss/0.4.3_lite_CortexM0/install/CMakeFiles/CMakeTmp/CMakeFiles 1]
  ignore line: [Building C object CMakeFiles/cmTryCompileExec.dir/CMakeCCompilerABI.c.o]
  ignore line: [/usr/bin/gcc    -o CMakeFiles/cmTryCompileExec.dir/CMakeCCompilerABI.c.o   -c /usr/share/cmake-2.8/Modules/CMakeCCompilerABI.c]
  ignore line: [Linking C executable cmTryCompileExec]
  ignore line: [/usr/bin/cmake -E cmake_link_script CMakeFiles/cmTryCompileExec.dir/link.txt --verbose=1]
  ignore line: [/usr/bin/gcc       -v CMakeFiles/cmTryCompileExec.dir/CMakeCCompilerABI.c.o  -o cmTryCompileExec -rdynamic  ]
  ignore line: [Using built-in specs.]
  ignore line: [COLLECT_GCC=/usr/bin/gcc]
  ignore line: [COLLECT_LTO_WRAPPER=/usr/lib/gcc/x86_64-linux-gnu/4.6/lto-wrapper]
  ignore line: [Target: x86_64-linux-gnu]
  ignore line: [Configured with: ../src/configure -v --with-pkgversion='Ubuntu/Linaro 4.6.3-1ubuntu5' --with-bugurl=file:///usr/share/doc/gcc-4.6/README.Bugs --enable-languages=c,c++,fortran,objc,obj-c++ --prefix=/usr --program-suffix=-4.6 --enable-shared --enable-linker-build-id --with-system-zlib --libexecdir=/usr/lib --without-included-gettext --enable-threads=posix --with-gxx-include-dir=/usr/include/c++/4.6 --libdir=/usr/lib --enable-nls --with-sysroot=/ --enable-clocale=gnu --enable-libstdcxx-debug --enable-libstdcxx-time=yes --enable-gnu-unique-object --enable-plugin --enable-objc-gc --disable-werror --with-arch-32=i686 --with-tune=generic --enable-checking=release --build=x86_64-linux-gnu --host=x86_64-linux-gnu --target=x86_64-linux-gnu]
  ignore line: [Thread model: posix]
  ignore line: [gcc version 4.6.3 (Ubuntu/Linaro 4.6.3-1ubuntu5) ]
  ignore line: [COMPILER_PATH=/usr/lib/gcc/x86_64-linux-gnu/4.6/:/usr/lib/gcc/x86_64-linux-gnu/4.6/:/usr/lib/gcc/x86_64-linux-gnu/:/usr/lib/gcc/x86_64-linux-gnu/4.6/:/usr/lib/gcc/x86_64-linux-gnu/]
  ignore line: [LIBRARY_PATH=/usr/lib/gcc/x86_64-linux-gnu/4.6/:/usr/lib/gcc/x86_64-linux-gnu/4.6/../../../x86_64-linux-gnu/:/usr/lib/gcc/x86_64-linux-gnu/4.6/../../../../lib/:/lib/x86_64-linux-gnu/:/lib/../lib/:/usr/lib/x86_64-linux-gnu/:/usr/lib/../lib/:/usr/lib/gcc/x86_64-linux-gnu/4.6/../../../:/lib/:/usr/lib/]
  ignore line: [COLLECT_GCC_OPTIONS='-v' '-o' 'cmTryCompileExec' '-rdynamic' '-mtune=generic' '-march=x86-64']
  link line: [ /usr/lib/gcc/x86_64-linux-gnu/4.6/collect2 --sysroot=/ --build-id --no-add-needed --as-needed --eh-frame-hdr -m elf_x86_64 --hash-style=gnu -export-dynamic -dynamic-linker /lib64/ld-linux-x86-64.so.2 -z relro -o cmTryCompileExec /usr/lib/gcc/x86_64-linux-gnu/4.6/../../../x86_64-linux-gnu/crt1.o /usr/lib/gcc/x86_64-linux-gnu/4.6/../../../x86_64-linux-gnu/crti.o /usr/lib/gcc/x86_64-linux-gnu/4.6/crtbegin.o -L/usr/lib/gcc/x86_64-linux-gnu/4.6 -L/usr/lib/gcc/x86_64-linux-gnu/4.6/../../../x86_64-linux-gnu -L/usr/lib/gcc/x86_64-linux-gnu/4.6/../../../../lib -L/lib/x86_64-linux-gnu -L/lib/../lib -L/usr/lib/x86_64-linux-gnu -L/usr/lib/../lib -L/usr/lib/gcc/x86_64-linux-gnu/4.6/../../.. CMakeFiles/cmTryCompileExec.dir/CMakeCCompilerABI.c.o -lgcc --as-needed -lgcc_s --no-as-needed -lc -lgcc --as-needed -lgcc_s --no-as-needed /usr/lib/gcc/x86_64-linux-gnu/4.6/crtend.o /usr/lib/gcc/x86_64-linux-gnu/4.6/../../../x86_64-linux-gnu/crtn.o]
    arg [/usr/lib/gcc/x86_64-linux-gnu/4.6/collect2] ==> ignore
    arg [--sysroot=/] ==> ignore
    arg [--build-id] ==> ignore
    arg [--no-add-needed] ==> ignore
    arg [--as-needed] ==> ignore
    arg [--eh-frame-hdr] ==> ignore
    arg [-m] ==> ignore
    arg [elf_x86_64] ==> ignore
    arg [--hash-style=gnu] ==> ignore
    arg [-export-dynamic] ==> ignore
    arg [-dynamic-linker] ==> ignore
    arg [/lib64/ld-linux-x86-64.so.2] ==> ignore
    arg [-zrelro] ==> ignore
    arg [-o] ==> ignore
    arg [cmTryCompileExec] ==> ignore
    arg [/usr/lib/gcc/x86_64-linux-gnu/4.6/../../../x86_64-linux-gnu/crt1.o] ==> ignore
    arg [/usr/lib/gcc/x86_64-linux-gnu/4.6/../../../x86_64-linux-gnu/crti.o] ==> ignore
    arg [/usr/lib/gcc/x86_64-linux-gnu/4.6/crtbegin.o] ==> ignore
    arg [-L/usr/lib/gcc/x86_64-linux-gnu/4.6] ==> dir [/usr/lib/gcc/x86_64-linux-gnu/4.6]
    arg [-L/usr/lib/gcc/x86_64-linux-gnu/4.6/../../../x86_64-linux-gnu] ==> dir [/usr/lib/gcc/x86_64-linux-gnu/4.6/../../../x86_64-linux-gnu]
    arg [-L/usr/lib/gcc/x86_64-linux-gnu/4.6/../../../../lib] ==> dir [/usr/lib/gcc/x86_64-linux-gnu/4.6/../../../../lib]
    arg [-L/lib/x86_64-linux-gnu] ==> dir [/lib/x86_64-linux-gnu]
    arg [-L/lib/../lib] ==> dir [/lib/../lib]
    arg [-L/usr/lib/x86_64-linux-gnu] ==> dir [/usr/lib/x86_64-linux-gnu]
    arg [-L/usr/lib/../lib] ==> dir [/usr/lib/../lib]
    arg [-L/usr/lib/gcc/x86_64-linux-gnu/4.6/../../..] ==> dir [/usr/lib/gcc/x86_64-linux-gnu/4.6/../../..]
    arg [CMakeFiles/cmTryCompileExec.dir/CMakeCCompilerABI.c.o] ==> ignore
    arg [-lgcc] ==> lib [gcc]
    arg [--as-needed] ==> ignore
    arg [-lgcc_s] ==> lib [gcc_s]
    arg [--no-as-needed] ==> ignore
    arg [-lc] ==> lib [c]
    arg [-lgcc] ==> lib [gcc]
    arg [--as-needed] ==> ignore
    arg [-lgcc_s] ==> lib [gcc_s]
    arg [--no-as-needed] ==> ignore
    arg [/usr/lib/gcc/x86_64-linux-gnu/4.6/crtend.o] ==> ignore
    arg [/usr/lib/gcc/x86_64-linux-gnu/4.6/../../../x86_64-linux-gnu/crtn.o] ==> ignore
  remove lib [gcc]
  remove lib [gcc_s]
  remove lib [gcc]
  remove lib [gcc_s]
  collapse dir [/usr/lib/gcc/x86_64-linux-gnu/4.6] ==> [/usr/lib/gcc/x86_64-linux-gnu/4.6]
  collapse dir [/usr/lib/gcc/x86_64-linux-gnu/4.6/../../../x86_64-linux-gnu] ==> [/usr/lib/x86_64-linux-gnu]
  collapse dir [/usr/lib/gcc/x86_64-linux-gnu/4.6/../../../../lib] ==> [/usr/lib]
  collapse dir [/lib/x86_64-linux-gnu] ==> [/lib/x86_64-linux-gnu]
  collapse dir [/lib/../lib] ==> [/lib]
  collapse dir [/usr/lib/x86_64-linux-gnu] ==> [/usr/lib/x86_64-linux-gnu]
  collapse dir [/usr/lib/../lib] ==> [/usr/lib]
  collapse dir [/usr/lib/gcc/x86_64-linux-gnu/4.6/../../..] ==> [/usr/lib]
  implicit libs: [c]
  implicit dirs: [/usr/lib/gcc/x86_64-linux-gnu/4.6;/usr/lib/x86_64-linux-gnu;/usr/lib;/lib/x86_64-linux-gnu;/lib]


Determining if the CXX compiler works passed with the following output:
Change Dir: /home/ga97sah/work/etiss/0.4.3_lite_CortexM0/install/CMakeFiles/CMakeTmp

Run Build Command:/usr/bin/gmake "cmTryCompileExec/fast"
/usr/bin/make -f CMakeFiles/cmTryCompileExec.dir/build.make CMakeFiles/cmTryCompileExec.dir/build
make[1]: Entering directory `/nfs/TUEIEDAprojects/SystemDesign/work/virtualprototyping/YurunWu/etiss/0.4.3_lite_CortexM0/install/CMakeFiles/CMakeTmp'
/usr/bin/cmake -E cmake_progress_report /home/ga97sah/work/etiss/0.4.3_lite_CortexM0/install/CMakeFiles/CMakeTmp/CMakeFiles 1
Building CXX object CMakeFiles/cmTryCompileExec.dir/testCXXCompiler.cxx.o
/usr/bin/c++     -o CMakeFiles/cmTryCompileExec.dir/testCXXCompiler.cxx.o -c /home/ga97sah/work/etiss/0.4.3_lite_CortexM0/install/CMakeFiles/CMakeTmp/testCXXCompiler.cxx
Linking CXX executable cmTryCompileExec
/usr/bin/cmake -E cmake_link_script CMakeFiles/cmTryCompileExec.dir/link.txt --verbose=1
/usr/bin/c++          CMakeFiles/cmTryCompileExec.dir/testCXXCompiler.cxx.o  -o cmTryCompileExec -rdynamic 
make[1]: Leaving directory `/nfs/TUEIEDAprojects/SystemDesign/work/virtualprototyping/YurunWu/etiss/0.4.3_lite_CortexM0/install/CMakeFiles/CMakeTmp'


Detecting CXX compiler ABI info compiled with the following output:
Change Dir: /home/ga97sah/work/etiss/0.4.3_lite_CortexM0/install/CMakeFiles/CMakeTmp

Run Build Command:/usr/bin/gmake "cmTryCompileExec/fast"
/usr/bin/make -f CMakeFiles/cmTryCompileExec.dir/build.make CMakeFiles/cmTryCompileExec.dir/build
make[1]: Entering directory `/nfs/TUEIEDAprojects/SystemDesign/work/virtualprototyping/YurunWu/etiss/0.4.3_lite_CortexM0/install/CMakeFiles/CMakeTmp'
/usr/bin/cmake -E cmake_progress_report /home/ga97sah/work/etiss/0.4.3_lite_CortexM0/install/CMakeFiles/CMakeTmp/CMakeFiles 1
Building CXX object CMakeFiles/cmTryCompileExec.dir/CMakeCXXCompilerABI.cpp.o
/usr/bin/c++     -o CMakeFiles/cmTryCompileExec.dir/CMakeCXXCompilerABI.cpp.o -c /usr/share/cmake-2.8/Modules/CMakeCXXCompilerABI.cpp
Linking CXX executable cmTryCompileExec
/usr/bin/cmake -E cmake_link_script CMakeFiles/cmTryCompileExec.dir/link.txt --verbose=1
/usr/bin/c++        -v CMakeFiles/cmTryCompileExec.dir/CMakeCXXCompilerABI.cpp.o  -o cmTryCompileExec -rdynamic  
Using built-in specs.
COLLECT_GCC=/usr/bin/c++
COLLECT_LTO_WRAPPER=/usr/lib/gcc/x86_64-linux-gnu/4.6/lto-wrapper
Target: x86_64-linux-gnu
Configured with: ../src/configure -v --with-pkgversion='Ubuntu/Linaro 4.6.3-1ubuntu5' --with-bugurl=file:///usr/share/doc/gcc-4.6/README.Bugs --enable-languages=c,c++,fortran,objc,obj-c++ --prefix=/usr --program-suffix=-4.6 --enable-shared --enable-linker-build-id --with-system-zlib --libexecdir=/usr/lib --without-included-gettext --enable-threads=posix --with-gxx-include-dir=/usr/include/c++/4.6 --libdir=/usr/lib --enable-nls --with-sysroot=/ --enable-clocale=gnu --enable-libstdcxx-debug --enable-libstdcxx-time=yes --enable-gnu-unique-object --enable-plugin --enable-objc-gc --disable-werror --with-arch-32=i686 --with-tune=generic --enable-checking=release --build=x86_64-linux-gnu --host=x86_64-linux-gnu --target=x86_64-linux-gnu
Thread model: posix
gcc version 4.6.3 (Ubuntu/Linaro 4.6.3-1ubuntu5) 
COMPILER_PATH=/usr/lib/gcc/x86_64-linux-gnu/4.6/:/usr/lib/gcc/x86_64-linux-gnu/4.6/:/usr/lib/gcc/x86_64-linux-gnu/:/usr/lib/gcc/x86_64-linux-gnu/4.6/:/usr/lib/gcc/x86_64-linux-gnu/
LIBRARY_PATH=/usr/lib/gcc/x86_64-linux-gnu/4.6/:/usr/lib/gcc/x86_64-linux-gnu/4.6/../../../x86_64-linux-gnu/:/usr/lib/gcc/x86_64-linux-gnu/4.6/../../../../lib/:/lib/x86_64-linux-gnu/:/lib/../lib/:/usr/lib/x86_64-linux-gnu/:/usr/lib/../lib/:/usr/lib/gcc/x86_64-linux-gnu/4.6/../../../:/lib/:/usr/lib/
COLLECT_GCC_OPTIONS='-v' '-o' 'cmTryCompileExec' '-rdynamic' '-shared-libgcc' '-mtune=generic' '-march=x86-64'
 /usr/lib/gcc/x86_64-linux-gnu/4.6/collect2 --sysroot=/ --build-id --no-add-needed --as-needed --eh-frame-hdr -m elf_x86_64 --hash-style=gnu -export-dynamic -dynamic-linker /lib64/ld-linux-x86-64.so.2 -z relro -o cmTryCompileExec /usr/lib/gcc/x86_64-linux-gnu/4.6/../../../x86_64-linux-gnu/crt1.o /usr/lib/gcc/x86_64-linux-gnu/4.6/../../../x86_64-linux-gnu/crti.o /usr/lib/gcc/x86_64-linux-gnu/4.6/crtbegin.o -L/usr/lib/gcc/x86_64-linux-gnu/4.6 -L/usr/lib/gcc/x86_64-linux-gnu/4.6/../../../x86_64-linux-gnu -L/usr/lib/gcc/x86_64-linux-gnu/4.6/../../../../lib -L/lib/x86_64-linux-gnu -L/lib/../lib -L/usr/lib/x86_64-linux-gnu -L/usr/lib/../lib -L/usr/lib/gcc/x86_64-linux-gnu/4.6/../../.. CMakeFiles/cmTryCompileExec.dir/CMakeCXXCompilerABI.cpp.o -lstdc++ -lm -lgcc_s -lgcc -lc -lgcc_s -lgcc /usr/lib/gcc/x86_64-linux-gnu/4.6/crtend.o /usr/lib/gcc/x86_64-linux-gnu/4.6/../../../x86_64-linux-gnu/crtn.o
make[1]: Leaving directory `/nfs/TUEIEDAprojects/SystemDesign/work/virtualprototyping/YurunWu/etiss/0.4.3_lite_CortexM0/install/CMakeFiles/CMakeTmp'


Parsed CXX implicit link information from above output:
  link line regex: [^( *|.*[/\])(ld|ld|collect2)[^/\]*( |$)]
  ignore line: [Change Dir: /home/ga97sah/work/etiss/0.4.3_lite_CortexM0/install/CMakeFiles/CMakeTmp]
  ignore line: []
  ignore line: [Run Build Command:/usr/bin/gmake "cmTryCompileExec/fast"]
  ignore line: [/usr/bin/make -f CMakeFiles/cmTryCompileExec.dir/build.make CMakeFiles/cmTryCompileExec.dir/build]
  ignore line: [make[1]: Entering directory `/nfs/TUEIEDAprojects/SystemDesign/work/virtualprototyping/YurunWu/etiss/0.4.3_lite_CortexM0/install/CMakeFiles/CMakeTmp']
  ignore line: [/usr/bin/cmake -E cmake_progress_report /home/ga97sah/work/etiss/0.4.3_lite_CortexM0/install/CMakeFiles/CMakeTmp/CMakeFiles 1]
  ignore line: [Building CXX object CMakeFiles/cmTryCompileExec.dir/CMakeCXXCompilerABI.cpp.o]
  ignore line: [/usr/bin/c++     -o CMakeFiles/cmTryCompileExec.dir/CMakeCXXCompilerABI.cpp.o -c /usr/share/cmake-2.8/Modules/CMakeCXXCompilerABI.cpp]
  ignore line: [Linking CXX executable cmTryCompileExec]
  ignore line: [/usr/bin/cmake -E cmake_link_script CMakeFiles/cmTryCompileExec.dir/link.txt --verbose=1]
  ignore line: [/usr/bin/c++        -v CMakeFiles/cmTryCompileExec.dir/CMakeCXXCompilerABI.cpp.o  -o cmTryCompileExec -rdynamic  ]
  ignore line: [Using built-in specs.]
  ignore line: [COLLECT_GCC=/usr/bin/c++]
  ignore line: [COLLECT_LTO_WRAPPER=/usr/lib/gcc/x86_64-linux-gnu/4.6/lto-wrapper]
  ignore line: [Target: x86_64-linux-gnu]
  ignore line: [Configured with: ../src/configure -v --with-pkgversion='Ubuntu/Linaro 4.6.3-1ubuntu5' --with-bugurl=file:///usr/share/doc/gcc-4.6/README.Bugs --enable-languages=c,c++,fortran,objc,obj-c++ --prefix=/usr --program-suffix=-4.6 --enable-shared --enable-linker-build-id --with-system-zlib --libexecdir=/usr/lib --without-included-gettext --enable-threads=posix --with-gxx-include-dir=/usr/include/c++/4.6 --libdir=/usr/lib --enable-nls --with-sysroot=/ --enable-clocale=gnu --enable-libstdcxx-debug --enable-libstdcxx-time=yes --enable-gnu-unique-object --enable-plugin --enable-objc-gc --disable-werror --with-arch-32=i686 --with-tune=generic --enable-checking=release --build=x86_64-linux-gnu --host=x86_64-linux-gnu --target=x86_64-linux-gnu]
  ignore line: [Thread model: posix]
  ignore line: [gcc version 4.6.3 (Ubuntu/Linaro 4.6.3-1ubuntu5) ]
  ignore line: [COMPILER_PATH=/usr/lib/gcc/x86_64-linux-gnu/4.6/:/usr/lib/gcc/x86_64-linux-gnu/4.6/:/usr/lib/gcc/x86_64-linux-gnu/:/usr/lib/gcc/x86_64-linux-gnu/4.6/:/usr/lib/gcc/x86_64-linux-gnu/]
  ignore line: [LIBRARY_PATH=/usr/lib/gcc/x86_64-linux-gnu/4.6/:/usr/lib/gcc/x86_64-linux-gnu/4.6/../../../x86_64-linux-gnu/:/usr/lib/gcc/x86_64-linux-gnu/4.6/../../../../lib/:/lib/x86_64-linux-gnu/:/lib/../lib/:/usr/lib/x86_64-linux-gnu/:/usr/lib/../lib/:/usr/lib/gcc/x86_64-linux-gnu/4.6/../../../:/lib/:/usr/lib/]
  ignore line: [COLLECT_GCC_OPTIONS='-v' '-o' 'cmTryCompileExec' '-rdynamic' '-shared-libgcc' '-mtune=generic' '-march=x86-64']
  link line: [ /usr/lib/gcc/x86_64-linux-gnu/4.6/collect2 --sysroot=/ --build-id --no-add-needed --as-needed --eh-frame-hdr -m elf_x86_64 --hash-style=gnu -export-dynamic -dynamic-linker /lib64/ld-linux-x86-64.so.2 -z relro -o cmTryCompileExec /usr/lib/gcc/x86_64-linux-gnu/4.6/../../../x86_64-linux-gnu/crt1.o /usr/lib/gcc/x86_64-linux-gnu/4.6/../../../x86_64-linux-gnu/crti.o /usr/lib/gcc/x86_64-linux-gnu/4.6/crtbegin.o -L/usr/lib/gcc/x86_64-linux-gnu/4.6 -L/usr/lib/gcc/x86_64-linux-gnu/4.6/../../../x86_64-linux-gnu -L/usr/lib/gcc/x86_64-linux-gnu/4.6/../../../../lib -L/lib/x86_64-linux-gnu -L/lib/../lib -L/usr/lib/x86_64-linux-gnu -L/usr/lib/../lib -L/usr/lib/gcc/x86_64-linux-gnu/4.6/../../.. CMakeFiles/cmTryCompileExec.dir/CMakeCXXCompilerABI.cpp.o -lstdc++ -lm -lgcc_s -lgcc -lc -lgcc_s -lgcc /usr/lib/gcc/x86_64-linux-gnu/4.6/crtend.o /usr/lib/gcc/x86_64-linux-gnu/4.6/../../../x86_64-linux-gnu/crtn.o]
    arg [/usr/lib/gcc/x86_64-linux-gnu/4.6/collect2] ==> ignore
    arg [--sysroot=/] ==> ignore
    arg [--build-id] ==> ignore
    arg [--no-add-needed] ==> ignore
    arg [--as-needed] ==> ignore
    arg [--eh-frame-hdr] ==> ignore
    arg [-m] ==> ignore
    arg [elf_x86_64] ==> ignore
    arg [--hash-style=gnu] ==> ignore
    arg [-export-dynamic] ==> ignore
    arg [-dynamic-linker] ==> ignore
    arg [/lib64/ld-linux-x86-64.so.2] ==> ignore
    arg [-zrelro] ==> ignore
    arg [-o] ==> ignore
    arg [cmTryCompileExec] ==> ignore
    arg [/usr/lib/gcc/x86_64-linux-gnu/4.6/../../../x86_64-linux-gnu/crt1.o] ==> ignore
    arg [/usr/lib/gcc/x86_64-linux-gnu/4.6/../../../x86_64-linux-gnu/crti.o] ==> ignore
    arg [/usr/lib/gcc/x86_64-linux-gnu/4.6/crtbegin.o] ==> ignore
    arg [-L/usr/lib/gcc/x86_64-linux-gnu/4.6] ==> dir [/usr/lib/gcc/x86_64-linux-gnu/4.6]
    arg [-L/usr/lib/gcc/x86_64-linux-gnu/4.6/../../../x86_64-linux-gnu] ==> dir [/usr/lib/gcc/x86_64-linux-gnu/4.6/../../../x86_64-linux-gnu]
    arg [-L/usr/lib/gcc/x86_64-linux-gnu/4.6/../../../../lib] ==> dir [/usr/lib/gcc/x86_64-linux-gnu/4.6/../../../../lib]
    arg [-L/lib/x86_64-linux-gnu] ==> dir [/lib/x86_64-linux-gnu]
    arg [-L/lib/../lib] ==> dir [/lib/../lib]
    arg [-L/usr/lib/x86_64-linux-gnu] ==> dir [/usr/lib/x86_64-linux-gnu]
    arg [-L/usr/lib/../lib] ==> dir [/usr/lib/../lib]
    arg [-L/usr/lib/gcc/x86_64-linux-gnu/4.6/../../..] ==> dir [/usr/lib/gcc/x86_64-linux-gnu/4.6/../../..]
    arg [CMakeFiles/cmTryCompileExec.dir/CMakeCXXCompilerABI.cpp.o] ==> ignore
    arg [-lstdc++] ==> lib [stdc++]
    arg [-lm] ==> lib [m]
    arg [-lgcc_s] ==> lib [gcc_s]
    arg [-lgcc] ==> lib [gcc]
    arg [-lc] ==> lib [c]
    arg [-lgcc_s] ==> lib [gcc_s]
    arg [-lgcc] ==> lib [gcc]
    arg [/usr/lib/gcc/x86_64-linux-gnu/4.6/crtend.o] ==> ignore
    arg [/usr/lib/gcc/x86_64-linux-gnu/4.6/../../../x86_64-linux-gnu/crtn.o] ==> ignore
  remove lib [gcc_s]
  remove lib [gcc]
  remove lib [gcc_s]
  remove lib [gcc]
  collapse dir [/usr/lib/gcc/x86_64-linux-gnu/4.6] ==> [/usr/lib/gcc/x86_64-linux-gnu/4.6]
  collapse dir [/usr/lib/gcc/x86_64-linux-gnu/4.6/../../../x86_64-linux-gnu] ==> [/usr/lib/x86_64-linux-gnu]
  collapse dir [/usr/lib/gcc/x86_64-linux-gnu/4.6/../../../../lib] ==> [/usr/lib]
  collapse dir [/lib/x86_64-linux-gnu] ==> [/lib/x86_64-linux-gnu]
  collapse dir [/lib/../lib] ==> [/lib]
  collapse dir [/usr/lib/x86_64-linux-gnu] ==> [/usr/lib/x86_64-linux-gnu]
  collapse dir [/usr/lib/../lib] ==> [/usr/lib]
  collapse dir [/usr/lib/gcc/x86_64-linux-gnu/4.6/../../..] ==> [/usr/lib]
  implicit libs: [stdc++;m;c]
  implicit dirs: [/usr/lib/gcc/x86_64-linux-gnu/4.6;/usr/lib/x86_64-linux-gnu;/usr/lib;/lib/x86_64-linux-gnu;/lib]


Determining if files pthread.h exist passed with the following output:
Change Dir: /home/ga97sah/work/etiss/0.4.3_lite_CortexM0/install/CMakeFiles/CMakeTmp

Run Build Command:/usr/bin/gmake "cmTryCompileExec/fast"
/usr/bin/make -f CMakeFiles/cmTryCompileExec.dir/build.make CMakeFiles/cmTryCompileExec.dir/build
make[1]: Entering directory `/nfs/TUEIEDAprojects/SystemDesign/work/virtualprototyping/YurunWu/etiss/0.4.3_lite_CortexM0/install/CMakeFiles/CMakeTmp'
/usr/bin/cmake -E cmake_progress_report /home/ga97sah/work/etiss/0.4.3_lite_CortexM0/install/CMakeFiles/CMakeTmp/CMakeFiles 1
Building C object CMakeFiles/cmTryCompileExec.dir/CheckIncludeFiles.c.o
/usr/bin/gcc    -o CMakeFiles/cmTryCompileExec.dir/CheckIncludeFiles.c.o   -c /home/ga97sah/work/etiss/0.4.3_lite_CortexM0/install/CMakeFiles/CMakeTmp/CheckIncludeFiles.c
Linking C executable cmTryCompileExec
/usr/bin/cmake -E cmake_link_script CMakeFiles/cmTryCompileExec.dir/link.txt --verbose=1
/usr/bin/gcc         CMakeFiles/cmTryCompileExec.dir/CheckIncludeFiles.c.o  -o cmTryCompileExec -rdynamic 
make[1]: Leaving directory `/nfs/TUEIEDAprojects/SystemDesign/work/virtualprototyping/YurunWu/etiss/0.4.3_lite_CortexM0/install/CMakeFiles/CMakeTmp'


Determining if the function pthread_create exists in the pthread passed with the following output:
Change Dir: /home/ga97sah/work/etiss/0.4.3_lite_CortexM0/install/CMakeFiles/CMakeTmp

Run Build Command:/usr/bin/gmake "cmTryCompileExec/fast"
/usr/bin/make -f CMakeFiles/cmTryCompileExec.dir/build.make CMakeFiles/cmTryCompileExec.dir/build
make[1]: Entering directory `/nfs/TUEIEDAprojects/SystemDesign/work/virtualprototyping/YurunWu/etiss/0.4.3_lite_CortexM0/install/CMakeFiles/CMakeTmp'
/usr/bin/cmake -E cmake_progress_report /home/ga97sah/work/etiss/0.4.3_lite_CortexM0/install/CMakeFiles/CMakeTmp/CMakeFiles 1
Building C object CMakeFiles/cmTryCompileExec.dir/CheckFunctionExists.c.o
/usr/bin/gcc   -DCHECK_FUNCTION_EXISTS=pthread_create   -o CMakeFiles/cmTryCompileExec.dir/CheckFunctionExists.c.o   -c /usr/share/cmake-2.8/Modules/CheckFunctionExists.c
Linking C executable cmTryCompileExec
/usr/bin/cmake -E cmake_link_script CMakeFiles/cmTryCompileExec.dir/link.txt --verbose=1
/usr/bin/gcc     -DCHECK_FUNCTION_EXISTS=pthread_create    CMakeFiles/cmTryCompileExec.dir/CheckFunctionExists.c.o  -o cmTryCompileExec -rdynamic -lpthread 
make[1]: Leaving directory `/nfs/TUEIEDAprojects/SystemDesign/work/virtualprototyping/YurunWu/etiss/0.4.3_lite_CortexM0/install/CMakeFiles/CMakeTmp'


Determining if files dlfcn.h exist passed with the following output:
Change Dir: /home/ga97sah/work/etiss/0.4.3_lite_CortexM0/install/CMakeFiles/CMakeTmp

Run Build Command:/usr/bin/gmake "cmTryCompileExec/fast"
/usr/bin/make -f CMakeFiles/cmTryCompileExec.dir/build.make CMakeFiles/cmTryCompileExec.dir/build
make[1]: Entering directory `/nfs/TUEIEDAprojects/SystemDesign/work/virtualprototyping/YurunWu/etiss/0.4.3_lite_CortexM0/install/CMakeFiles/CMakeTmp'
/usr/bin/cmake -E cmake_progress_report /home/ga97sah/work/etiss/0.4.3_lite_CortexM0/install/CMakeFiles/CMakeTmp/CMakeFiles 1
Building C object CMakeFiles/cmTryCompileExec.dir/CheckIncludeFiles.c.o
/usr/bin/gcc    -o CMakeFiles/cmTryCompileExec.dir/CheckIncludeFiles.c.o   -c /home/ga97sah/work/etiss/0.4.3_lite_CortexM0/install/CMakeFiles/CMakeTmp/CheckIncludeFiles.c
Linking C executable cmTryCompileExec
/usr/bin/cmake -E cmake_link_script CMakeFiles/cmTryCompileExec.dir/link.txt --verbose=1
/usr/bin/gcc         CMakeFiles/cmTryCompileExec.dir/CheckIncludeFiles.c.o  -o cmTryCompileExec -rdynamic 
make[1]: Leaving directory `/nfs/TUEIEDAprojects/SystemDesign/work/virtualprototyping/YurunWu/etiss/0.4.3_lite_CortexM0/install/CMakeFiles/CMakeTmp'


Performing C++ SOURCE FILE Test ETISS_CAN_USE_DLSYM_DEEPBIND succeded with the following output:
Change Dir: /home/ga97sah/work/etiss/0.4.3_lite_CortexM0/install/CMakeFiles/CMakeTmp

Run Build Command:/usr/bin/gmake "cmTryCompileExec/fast"
/usr/bin/make -f CMakeFiles/cmTryCompileExec.dir/build.make CMakeFiles/cmTryCompileExec.dir/build
make[1]: Entering directory `/nfs/TUEIEDAprojects/SystemDesign/work/virtualprototyping/YurunWu/etiss/0.4.3_lite_CortexM0/install/CMakeFiles/CMakeTmp'
/usr/bin/cmake -E cmake_progress_report /home/ga97sah/work/etiss/0.4.3_lite_CortexM0/install/CMakeFiles/CMakeTmp/CMakeFiles 1
Building CXX object CMakeFiles/cmTryCompileExec.dir/src.cxx.o
/usr/bin/c++    -DETISS_CAN_USE_DLSYM_DEEPBIND   -o CMakeFiles/cmTryCompileExec.dir/src.cxx.o -c /home/ga97sah/work/etiss/0.4.3_lite_CortexM0/install/CMakeFiles/CMakeTmp/src.cxx
Linking CXX executable cmTryCompileExec
/usr/bin/cmake -E cmake_link_script CMakeFiles/cmTryCompileExec.dir/link.txt --verbose=1
/usr/bin/c++      -DETISS_CAN_USE_DLSYM_DEEPBIND    CMakeFiles/cmTryCompileExec.dir/src.cxx.o  -o cmTryCompileExec -rdynamic 
make[1]: Leaving directory `/nfs/TUEIEDAprojects/SystemDesign/work/virtualprototyping/YurunWu/etiss/0.4.3_lite_CortexM0/install/CMakeFiles/CMakeTmp'

Source file was:
#include <dlfcn.h>
int main(int,char**){ return (int) RTLD_DEEPBIND;}
Performing C++ SOURCE FILE Test ETISS_USE_DLADDR succeded with the following output:
Change Dir: /home/ga97sah/work/etiss/0.4.3_lite_CortexM0/install/CMakeFiles/CMakeTmp

Run Build Command:/usr/bin/gmake "cmTryCompileExec/fast"
/usr/bin/make -f CMakeFiles/cmTryCompileExec.dir/build.make CMakeFiles/cmTryCompileExec.dir/build
make[1]: Entering directory `/nfs/TUEIEDAprojects/SystemDesign/work/virtualprototyping/YurunWu/etiss/0.4.3_lite_CortexM0/install/CMakeFiles/CMakeTmp'
/usr/bin/cmake -E cmake_progress_report /home/ga97sah/work/etiss/0.4.3_lite_CortexM0/install/CMakeFiles/CMakeTmp/CMakeFiles 1
Building CXX object CMakeFiles/cmTryCompileExec.dir/src.cxx.o
/usr/bin/c++    -DETISS_USE_DLADDR   -o CMakeFiles/cmTryCompileExec.dir/src.cxx.o -c /home/ga97sah/work/etiss/0.4.3_lite_CortexM0/install/CMakeFiles/CMakeTmp/src.cxx
Linking CXX executable cmTryCompileExec
/usr/bin/cmake -E cmake_link_script CMakeFiles/cmTryCompileExec.dir/link.txt --verbose=1
/usr/bin/c++      -DETISS_USE_DLADDR    CMakeFiles/cmTryCompileExec.dir/src.cxx.o  -o cmTryCompileExec -rdynamic -ldl 
make[1]: Leaving directory `/nfs/TUEIEDAprojects/SystemDesign/work/virtualprototyping/YurunWu/etiss/0.4.3_lite_CortexM0/install/CMakeFiles/CMakeTmp'

Source file was:
#include <dlfcn.h>
int main(int,char**){ Dl_info i; return !dladdr((void*)main,&i);}
Determining if files byteswap.h exist passed with the following output:
Change Dir: /home/ga97sah/work/etiss/0.4.3_lite_CortexM0/install/CMakeFiles/CMakeTmp

Run Build Command:/usr/bin/gmake "cmTryCompileExec/fast"
/usr/bin/make -f CMakeFiles/cmTryCompileExec.dir/build.make CMakeFiles/cmTryCompileExec.dir/build
make[1]: Entering directory `/nfs/TUEIEDAprojects/SystemDesign/work/virtualprototyping/YurunWu/etiss/0.4.3_lite_CortexM0/install/CMakeFiles/CMakeTmp'
/usr/bin/cmake -E cmake_progress_report /home/ga97sah/work/etiss/0.4.3_lite_CortexM0/install/CMakeFiles/CMakeTmp/CMakeFiles 1
Building C object CMakeFiles/cmTryCompileExec.dir/CheckIncludeFiles.c.o
/usr/bin/gcc    -o CMakeFiles/cmTryCompileExec.dir/CheckIncludeFiles.c.o   -c /home/ga97sah/work/etiss/0.4.3_lite_CortexM0/install/CMakeFiles/CMakeTmp/CheckIncludeFiles.c
Linking C executable cmTryCompileExec
/usr/bin/cmake -E cmake_link_script CMakeFiles/cmTryCompileExec.dir/link.txt --verbose=1
/usr/bin/gcc         CMakeFiles/cmTryCompileExec.dir/CheckIncludeFiles.c.o  -o cmTryCompileExec -rdynamic 
make[1]: Leaving directory `/nfs/TUEIEDAprojects/SystemDesign/work/virtualprototyping/YurunWu/etiss/0.4.3_lite_CortexM0/install/CMakeFiles/CMakeTmp'


Determining if files string.h;errno.h;sys/types.h;sys/socket.h;netinet/in.h;netinet/tcp.h;unistd.h exist passed with the following output:
Change Dir: /home/ga97sah/work/etiss/0.4.3_lite_CortexM0/install/CMakeFiles/CMakeTmp

Run Build Command:/usr/bin/gmake "cmTryCompileExec/fast"
/usr/bin/make -f CMakeFiles/cmTryCompileExec.dir/build.make CMakeFiles/cmTryCompileExec.dir/build
make[1]: Entering directory `/nfs/TUEIEDAprojects/SystemDesign/work/virtualprototyping/YurunWu/etiss/0.4.3_lite_CortexM0/install/CMakeFiles/CMakeTmp'
/usr/bin/cmake -E cmake_progress_report /home/ga97sah/work/etiss/0.4.3_lite_CortexM0/install/CMakeFiles/CMakeTmp/CMakeFiles 1
Building C object CMakeFiles/cmTryCompileExec.dir/CheckIncludeFiles.c.o
/usr/bin/gcc    -o CMakeFiles/cmTryCompileExec.dir/CheckIncludeFiles.c.o   -c /home/ga97sah/work/etiss/0.4.3_lite_CortexM0/install/CMakeFiles/CMakeTmp/CheckIncludeFiles.c
Linking C executable cmTryCompileExec
/usr/bin/cmake -E cmake_link_script CMakeFiles/cmTryCompileExec.dir/link.txt --verbose=1
/usr/bin/gcc         CMakeFiles/cmTryCompileExec.dir/CheckIncludeFiles.c.o  -o cmTryCompileExec -rdynamic 
make[1]: Leaving directory `/nfs/TUEIEDAprojects/SystemDesign/work/virtualprototyping/YurunWu/etiss/0.4.3_lite_CortexM0/install/CMakeFiles/CMakeTmp'


Performing C++ SOURCE FILE Test ETISS_USE_CXX0X succeded with the following output:
Change Dir: /home/ga97sah/work/etiss/0.4.3_lite_CortexM0/install/CMakeFiles/CMakeTmp

Run Build Command:/usr/bin/gmake "cmTryCompileExec/fast"
/usr/bin/make -f CMakeFiles/cmTryCompileExec.dir/build.make CMakeFiles/cmTryCompileExec.dir/build
make[1]: Entering directory `/nfs/TUEIEDAprojects/SystemDesign/work/virtualprototyping/YurunWu/etiss/0.4.3_lite_CortexM0/install/CMakeFiles/CMakeTmp'
/usr/bin/cmake -E cmake_progress_report /home/ga97sah/work/etiss/0.4.3_lite_CortexM0/install/CMakeFiles/CMakeTmp/CMakeFiles 1
Building CXX object CMakeFiles/cmTryCompileExec.dir/src.cxx.o
/usr/bin/c++    -DETISS_USE_CXX0X   -std=c++0x -o CMakeFiles/cmTryCompileExec.dir/src.cxx.o -c /home/ga97sah/work/etiss/0.4.3_lite_CortexM0/install/CMakeFiles/CMakeTmp/src.cxx
Linking CXX executable cmTryCompileExec
/usr/bin/cmake -E cmake_link_script CMakeFiles/cmTryCompileExec.dir/link.txt --verbose=1
/usr/bin/c++      -DETISS_USE_CXX0X    CMakeFiles/cmTryCompileExec.dir/src.cxx.o  -o cmTryCompileExec -rdynamic 
make[1]: Leaving directory `/nfs/TUEIEDAprojects/SystemDesign/work/virtualprototyping/YurunWu/etiss/0.4.3_lite_CortexM0/install/CMakeFiles/CMakeTmp'

Source file was:
int main() { return 0;}
Performing C++ SOURCE FILE Test ETISS_USE_CONSTEXPR succeded with the following output:
Change Dir: /home/ga97sah/work/etiss/0.4.3_lite_CortexM0/install/CMakeFiles/CMakeTmp

Run Build Command:/usr/bin/gmake "cmTryCompileExec/fast"
/usr/bin/make -f CMakeFiles/cmTryCompileExec.dir/build.make CMakeFiles/cmTryCompileExec.dir/build
make[1]: Entering directory `/nfs/TUEIEDAprojects/SystemDesign/work/virtualprototyping/YurunWu/etiss/0.4.3_lite_CortexM0/install/CMakeFiles/CMakeTmp'
/usr/bin/cmake -E cmake_progress_report /home/ga97sah/work/etiss/0.4.3_lite_CortexM0/install/CMakeFiles/CMakeTmp/CMakeFiles 1
Building CXX object CMakeFiles/cmTryCompileExec.dir/src.cxx.o
/usr/bin/c++    -std=c++0x  -DETISS_USE_CONSTEXPR  --std=c++0x   -o CMakeFiles/cmTryCompileExec.dir/src.cxx.o -c /home/ga97sah/work/etiss/0.4.3_lite_CortexM0/install/CMakeFiles/CMakeTmp/src.cxx
Linking CXX executable cmTryCompileExec
/usr/bin/cmake -E cmake_link_script CMakeFiles/cmTryCompileExec.dir/link.txt --verbose=1
/usr/bin/c++     -std=c++0x  -DETISS_USE_CONSTEXPR  --std=c++0x    CMakeFiles/cmTryCompileExec.dir/src.cxx.o  -o cmTryCompileExec -rdynamic 
make[1]: Leaving directory `/nfs/TUEIEDAprojects/SystemDesign/work/virtualprototyping/YurunWu/etiss/0.4.3_lite_CortexM0/install/CMakeFiles/CMakeTmp'

Source file was:
constexpr int x() {return 1;} main(int,char**){ return x();}
Determining if the include file sys/types.h exists passed with the following output:
Change Dir: /home/ga97sah/work/etiss/0.4.3_lite_CortexM0/install/CMakeFiles/CMakeTmp

Run Build Command:/usr/bin/gmake "cmTryCompileExec/fast"
/usr/bin/make -f CMakeFiles/cmTryCompileExec.dir/build.make CMakeFiles/cmTryCompileExec.dir/build
make[1]: Entering directory `/nfs/TUEIEDAprojects/SystemDesign/work/virtualprototyping/YurunWu/etiss/0.4.3_lite_CortexM0/install/CMakeFiles/CMakeTmp'
/usr/bin/cmake -E cmake_progress_report /home/ga97sah/work/etiss/0.4.3_lite_CortexM0/install/CMakeFiles/CMakeTmp/CMakeFiles 1
Building C object CMakeFiles/cmTryCompileExec.dir/CheckIncludeFile.c.o
/usr/bin/gcc    -o CMakeFiles/cmTryCompileExec.dir/CheckIncludeFile.c.o   -c /home/ga97sah/work/etiss/0.4.3_lite_CortexM0/install/CMakeFiles/CMakeTmp/CheckIncludeFile.c
Linking C executable cmTryCompileExec
/usr/bin/cmake -E cmake_link_script CMakeFiles/cmTryCompileExec.dir/link.txt --verbose=1
/usr/bin/gcc         CMakeFiles/cmTryCompileExec.dir/CheckIncludeFile.c.o  -o cmTryCompileExec -rdynamic 
make[1]: Leaving directory `/nfs/TUEIEDAprojects/SystemDesign/work/virtualprototyping/YurunWu/etiss/0.4.3_lite_CortexM0/install/CMakeFiles/CMakeTmp'


Determining if the include file stdint.h exists passed with the following output:
Change Dir: /home/ga97sah/work/etiss/0.4.3_lite_CortexM0/install/CMakeFiles/CMakeTmp

Run Build Command:/usr/bin/gmake "cmTryCompileExec/fast"
/usr/bin/make -f CMakeFiles/cmTryCompileExec.dir/build.make CMakeFiles/cmTryCompileExec.dir/build
make[1]: Entering directory `/nfs/TUEIEDAprojects/SystemDesign/work/virtualprototyping/YurunWu/etiss/0.4.3_lite_CortexM0/install/CMakeFiles/CMakeTmp'
/usr/bin/cmake -E cmake_progress_report /home/ga97sah/work/etiss/0.4.3_lite_CortexM0/install/CMakeFiles/CMakeTmp/CMakeFiles 1
Building C object CMakeFiles/cmTryCompileExec.dir/CheckIncludeFile.c.o
/usr/bin/gcc    -o CMakeFiles/cmTryCompileExec.dir/CheckIncludeFile.c.o   -c /home/ga97sah/work/etiss/0.4.3_lite_CortexM0/install/CMakeFiles/CMakeTmp/CheckIncludeFile.c
Linking C executable cmTryCompileExec
/usr/bin/cmake -E cmake_link_script CMakeFiles/cmTryCompileExec.dir/link.txt --verbose=1
/usr/bin/gcc         CMakeFiles/cmTryCompileExec.dir/CheckIncludeFile.c.o  -o cmTryCompileExec -rdynamic 
make[1]: Leaving directory `/nfs/TUEIEDAprojects/SystemDesign/work/virtualprototyping/YurunWu/etiss/0.4.3_lite_CortexM0/install/CMakeFiles/CMakeTmp'


Determining if the include file stddef.h exists passed with the following output:
Change Dir: /home/ga97sah/work/etiss/0.4.3_lite_CortexM0/install/CMakeFiles/CMakeTmp

Run Build Command:/usr/bin/gmake "cmTryCompileExec/fast"
/usr/bin/make -f CMakeFiles/cmTryCompileExec.dir/build.make CMakeFiles/cmTryCompileExec.dir/build
make[1]: Entering directory `/nfs/TUEIEDAprojects/SystemDesign/work/virtualprototyping/YurunWu/etiss/0.4.3_lite_CortexM0/install/CMakeFiles/CMakeTmp'
/usr/bin/cmake -E cmake_progress_report /home/ga97sah/work/etiss/0.4.3_lite_CortexM0/install/CMakeFiles/CMakeTmp/CMakeFiles 1
Building C object CMakeFiles/cmTryCompileExec.dir/CheckIncludeFile.c.o
/usr/bin/gcc    -o CMakeFiles/cmTryCompileExec.dir/CheckIncludeFile.c.o   -c /home/ga97sah/work/etiss/0.4.3_lite_CortexM0/install/CMakeFiles/CMakeTmp/CheckIncludeFile.c
Linking C executable cmTryCompileExec
/usr/bin/cmake -E cmake_link_script CMakeFiles/cmTryCompileExec.dir/link.txt --verbose=1
/usr/bin/gcc         CMakeFiles/cmTryCompileExec.dir/CheckIncludeFile.c.o  -o cmTryCompileExec -rdynamic 
make[1]: Leaving directory `/nfs/TUEIEDAprojects/SystemDesign/work/virtualprototyping/YurunWu/etiss/0.4.3_lite_CortexM0/install/CMakeFiles/CMakeTmp'


Determining size of unsigned short passed with the following output:
Change Dir: /home/ga97sah/work/etiss/0.4.3_lite_CortexM0/install/CMakeFiles/CMakeTmp

Run Build Command:/usr/bin/gmake "cmTryCompileExec/fast"
/usr/bin/make -f CMakeFiles/cmTryCompileExec.dir/build.make CMakeFiles/cmTryCompileExec.dir/build
make[1]: Entering directory `/nfs/TUEIEDAprojects/SystemDesign/work/virtualprototyping/YurunWu/etiss/0.4.3_lite_CortexM0/install/CMakeFiles/CMakeTmp'
/usr/bin/cmake -E cmake_progress_report /home/ga97sah/work/etiss/0.4.3_lite_CortexM0/install/CMakeFiles/CMakeTmp/CMakeFiles 1
Building C object CMakeFiles/cmTryCompileExec.dir/CMAKE_SIZEOF_UNSIGNED_SHORT.c.o
/usr/bin/gcc    -o CMakeFiles/cmTryCompileExec.dir/CMAKE_SIZEOF_UNSIGNED_SHORT.c.o   -c /home/ga97sah/work/etiss/0.4.3_lite_CortexM0/install/CMakeFiles/CheckTypeSize/CMAKE_SIZEOF_UNSIGNED_SHORT.c
Linking C executable cmTryCompileExec
/usr/bin/cmake -E cmake_link_script CMakeFiles/cmTryCompileExec.dir/link.txt --verbose=1
/usr/bin/gcc         CMakeFiles/cmTryCompileExec.dir/CMAKE_SIZEOF_UNSIGNED_SHORT.c.o  -o cmTryCompileExec -rdynamic 
make[1]: Leaving directory `/nfs/TUEIEDAprojects/SystemDesign/work/virtualprototyping/YurunWu/etiss/0.4.3_lite_CortexM0/install/CMakeFiles/CMakeTmp'


Performing C++ SOURCE FILE Test COMPILER_HAS_HIDDEN_VISIBILITY succeded with the following output:
Change Dir: /home/ga97sah/work/etiss/0.4.3_lite_CortexM0/install/CMakeFiles/CMakeTmp

Run Build Command:/usr/bin/gmake "cmTryCompileExec/fast"
/usr/bin/make -f CMakeFiles/cmTryCompileExec.dir/build.make CMakeFiles/cmTryCompileExec.dir/build
make[1]: Entering directory `/nfs/TUEIEDAprojects/SystemDesign/work/virtualprototyping/YurunWu/etiss/0.4.3_lite_CortexM0/install/CMakeFiles/CMakeTmp'
/usr/bin/cmake -E cmake_progress_report /home/ga97sah/work/etiss/0.4.3_lite_CortexM0/install/CMakeFiles/CMakeTmp/CMakeFiles 1
Building CXX object CMakeFiles/cmTryCompileExec.dir/src.cxx.o
/usr/bin/c++    -std=c++0x -std=c++0x  -DCOMPILER_HAS_HIDDEN_VISIBILITY   -fvisibility=hidden -o CMakeFiles/cmTryCompileExec.dir/src.cxx.o -c /home/ga97sah/work/etiss/0.4.3_lite_CortexM0/install/CMakeFiles/CMakeTmp/src.cxx
Linking CXX executable cmTryCompileExec
/usr/bin/cmake -E cmake_link_script CMakeFiles/cmTryCompileExec.dir/link.txt --verbose=1
/usr/bin/c++     -std=c++0x -std=c++0x  -DCOMPILER_HAS_HIDDEN_VISIBILITY    CMakeFiles/cmTryCompileExec.dir/src.cxx.o  -o cmTryCompileExec -rdynamic 
make[1]: Leaving directory `/nfs/TUEIEDAprojects/SystemDesign/work/virtualprototyping/YurunWu/etiss/0.4.3_lite_CortexM0/install/CMakeFiles/CMakeTmp'

Source file was:
int main() { return 0;}
Performing C++ SOURCE FILE Test COMPILER_HAS_HIDDEN_INLINE_VISIBILITY succeded with the following output:
Change Dir: /home/ga97sah/work/etiss/0.4.3_lite_CortexM0/install/CMakeFiles/CMakeTmp

Run Build Command:/usr/bin/gmake "cmTryCompileExec/fast"
/usr/bin/make -f CMakeFiles/cmTryCompileExec.dir/build.make CMakeFiles/cmTryCompileExec.dir/build
make[1]: Entering directory `/nfs/TUEIEDAprojects/SystemDesign/work/virtualprototyping/YurunWu/etiss/0.4.3_lite_CortexM0/install/CMakeFiles/CMakeTmp'
/usr/bin/cmake -E cmake_progress_report /home/ga97sah/work/etiss/0.4.3_lite_CortexM0/install/CMakeFiles/CMakeTmp/CMakeFiles 1
Building CXX object CMakeFiles/cmTryCompileExec.dir/src.cxx.o
/usr/bin/c++    -std=c++0x -std=c++0x  -DCOMPILER_HAS_HIDDEN_INLINE_VISIBILITY   -fvisibility-inlines-hidden -o CMakeFiles/cmTryCompileExec.dir/src.cxx.o -c /home/ga97sah/work/etiss/0.4.3_lite_CortexM0/install/CMakeFiles/CMakeTmp/src.cxx
Linking CXX executable cmTryCompileExec
/usr/bin/cmake -E cmake_link_script CMakeFiles/cmTryCompileExec.dir/link.txt --verbose=1
/usr/bin/c++     -std=c++0x -std=c++0x  -DCOMPILER_HAS_HIDDEN_INLINE_VISIBILITY    CMakeFiles/cmTryCompileExec.dir/src.cxx.o  -o cmTryCompileExec -rdynamic 
make[1]: Leaving directory `/nfs/TUEIEDAprojects/SystemDesign/work/virtualprototyping/YurunWu/etiss/0.4.3_lite_CortexM0/install/CMakeFiles/CMakeTmp'

Source file was:
int main() { return 0;}
Performing C++ SOURCE FILE Test COMPILER_HAS_DEPRECATED_ATTR succeded with the following output:
Change Dir: /home/ga97sah/work/etiss/0.4.3_lite_CortexM0/install/CMakeFiles/CMakeTmp

Run Build Command:/usr/bin/gmake "cmTryCompileExec/fast"
/usr/bin/make -f CMakeFiles/cmTryCompileExec.dir/build.make CMakeFiles/cmTryCompileExec.dir/build
make[1]: Entering directory `/nfs/TUEIEDAprojects/SystemDesign/work/virtualprototyping/YurunWu/etiss/0.4.3_lite_CortexM0/install/CMakeFiles/CMakeTmp'
/usr/bin/cmake -E cmake_progress_report /home/ga97sah/work/etiss/0.4.3_lite_CortexM0/install/CMakeFiles/CMakeTmp/CMakeFiles 1
Building CXX object CMakeFiles/cmTryCompileExec.dir/src.cxx.o
/usr/bin/c++    -std=c++0x -std=c++0x  -DCOMPILER_HAS_DEPRECATED_ATTR   -o CMakeFiles/cmTryCompileExec.dir/src.cxx.o -c /home/ga97sah/work/etiss/0.4.3_lite_CortexM0/install/CMakeFiles/CMakeTmp/src.cxx
/home/ga97sah/work/etiss/0.4.3_lite_CortexM0/install/CMakeFiles/CMakeTmp/src.cxx: In function ‘int main()’:
/home/ga97sah/work/etiss/0.4.3_lite_CortexM0/install/CMakeFiles/CMakeTmp/src.cxx:2:25: warning: ‘int somefunc()’ is deprecated (declared at /home/ga97sah/work/etiss/0.4.3_lite_CortexM0/install/CMakeFiles/CMakeTmp/src.cxx:1) [-Wdeprecated-declarations]
/home/ga97sah/work/etiss/0.4.3_lite_CortexM0/install/CMakeFiles/CMakeTmp/src.cxx:2:34: warning: ‘int somefunc()’ is deprecated (declared at /home/ga97sah/work/etiss/0.4.3_lite_CortexM0/install/CMakeFiles/CMakeTmp/src.cxx:1) [-Wdeprecated-declarations]
Linking CXX executable cmTryCompileExec
/usr/bin/cmake -E cmake_link_script CMakeFiles/cmTryCompileExec.dir/link.txt --verbose=1
/usr/bin/c++     -std=c++0x -std=c++0x  -DCOMPILER_HAS_DEPRECATED_ATTR    CMakeFiles/cmTryCompileExec.dir/src.cxx.o  -o cmTryCompileExec -rdynamic 
make[1]: Leaving directory `/nfs/TUEIEDAprojects/SystemDesign/work/virtualprototyping/YurunWu/etiss/0.4.3_lite_CortexM0/install/CMakeFiles/CMakeTmp'

Source file was:
__attribute__((__deprecated__)) int somefunc() { return 0; }
    int main() { return somefunc();}
Determining if the function dlopen exists in the dl passed with the following output:
Change Dir: /home/ga97sah/work/etiss/0.4.3_lite_CortexM0/install/CMakeFiles/CMakeTmp

Run Build Command:/usr/bin/gmake "cmTryCompileExec/fast"
/usr/bin/make -f CMakeFiles/cmTryCompileExec.dir/build.make CMakeFiles/cmTryCompileExec.dir/build
make[1]: Entering directory `/nfs/TUEIEDAprojects/SystemDesign/work/virtualprototyping/YurunWu/etiss/0.4.3_lite_CortexM0/install/CMakeFiles/CMakeTmp'
/usr/bin/cmake -E cmake_progress_report /home/ga97sah/work/etiss/0.4.3_lite_CortexM0/install/CMakeFiles/CMakeTmp/CMakeFiles 1
Building C object CMakeFiles/cmTryCompileExec.dir/CheckFunctionExists.c.o
/usr/bin/gcc   -DCHECK_FUNCTION_EXISTS=dlopen   -o CMakeFiles/cmTryCompileExec.dir/CheckFunctionExists.c.o   -c /usr/share/cmake-2.8/Modules/CheckFunctionExists.c
Linking C executable cmTryCompileExec
/usr/bin/cmake -E cmake_link_script CMakeFiles/cmTryCompileExec.dir/link.txt --verbose=1
/usr/bin/gcc     -DCHECK_FUNCTION_EXISTS=dlopen    CMakeFiles/cmTryCompileExec.dir/CheckFunctionExists.c.o  -o cmTryCompileExec -rdynamic -ldl 
make[1]: Leaving directory `/nfs/TUEIEDAprojects/SystemDesign/work/virtualprototyping/YurunWu/etiss/0.4.3_lite_CortexM0/install/CMakeFiles/CMakeTmp'


